\BOOKMARK [0][]{declaration.0}{Declaration}{}% 1
\BOOKMARK [1][-]{Abstract.1}{Abstract}{declaration.0}% 2
\BOOKMARK [1][-]{Zusammenfassung.1}{Zusammenfassung}{declaration.0}% 3
\BOOKMARK [1][-]{tableofcontents.1}{Contents}{declaration.0}% 4
\BOOKMARK [-1][]{part.1}{Some Kind of Manual}{}% 5
\BOOKMARK [0][]{chapter.1}{1 Introduction}{part.1}% 6
\BOOKMARK [1][-]{section.1.1}{1.1 Organization}{chapter.1}% 7
\BOOKMARK [1][-]{section.1.2}{1.2 Style Options}{chapter.1}% 8
\BOOKMARK [1][-]{section.1.3}{1.3 Customization}{chapter.1}% 9
\BOOKMARK [1][-]{section.1.4}{1.4 Issues}{chapter.1}% 10
\BOOKMARK [1][-]{section.1.5}{1.5 Future Work}{chapter.1}% 11
\BOOKMARK [1][-]{section.1.6}{1.6 Beyond a Thesis}{chapter.1}% 12
\BOOKMARK [1][-]{section.1.7}{1.7 License}{chapter.1}% 13
\BOOKMARK [-1][]{part.2}{The Showcase}{}% 14
\BOOKMARK [0][]{chapter.2}{2 Examples}{part.2}% 15
\BOOKMARK [1][-]{section.2.1}{2.1 A New Section}{chapter.2}% 16
\BOOKMARK [2][-]{subsection.2.1.1}{2.1.1 Test for a Subsection}{section.2.1}% 17
\BOOKMARK [2][-]{subsection.2.1.2}{2.1.2 Autem Timeam}{section.2.1}% 18
\BOOKMARK [1][-]{section.2.2}{2.2 Another Section in This Chapter}{chapter.2}% 19
\BOOKMARK [2][-]{subsection.2.2.1}{2.2.1 Personas Initialmente}{section.2.2}% 20
\BOOKMARK [2][-]{subsection.2.2.2}{2.2.2 Linguistic Registrate}{section.2.2}% 21
\BOOKMARK [0][]{chapter.3}{3 Math Test Chapter}{part.2}% 22
\BOOKMARK [1][-]{section.3.1}{3.1 Some Formulas}{chapter.3}% 23
\BOOKMARK [1][-]{section.3.2}{3.2 Various Mathematical Examples}{chapter.3}% 24
\BOOKMARK [-1][]{part.3}{Figures and Tables}{}% 25
\BOOKMARK [0][]{lof.1}{List of Figures}{part.3}% 26
\BOOKMARK [1][-]{lot.1}{List of Tables}{lof.1}% 27
\BOOKMARK [1][-]{lol.1}{Listings}{lof.1}% 28
\BOOKMARK [1][-]{acronyms.1}{Acronyms}{lof.1}% 29
\BOOKMARK [-1][]{part.4}{Appendix}{}% 30
\BOOKMARK [0][]{appendix.A}{A Appendix Test}{part.4}% 31
\BOOKMARK [1][-]{section.A.1}{A.1 Appendix Section Test}{appendix.A}% 32
\BOOKMARK [1][-]{section.A.2}{A.2 Another Appendix Section Test}{appendix.A}% 33
\BOOKMARK [-1][]{part.5}{Bibliography}{}% 34
\BOOKMARK [0][]{dummy.7}{Bibliography}{part.5}% 35
